Деление на ноль запрещено
Возраст должен быть от 0 до 120
Размер массива не может быть отрицательным
Нельзя вычислить квадратный корень отрицательного числа
Элемент не найден в массиве
Деление на ноль в классе Делитель
Недопустимый возраст в классе Возраст
Индекс за пределами массива в МойМассив
Знаменатель не может быть нулем в Дробь
Отрицательное число в классе КвадратныйКорень
Деление на ноль запрещено
Это пользовательское исключение
Деление на ноль запрещено
Деление на ноль в Калькулятор
Попытка извлечь из пустого стека
Координаты точки вне диапазона (0-100)
Не удалось открыть файл: несуществующий.txt
Индекс за пределами массива в МассивСтрок
Сторона квадрата не может быть отрицательной
Не удалось преобразовать строку в число: 456п3
Не удалось открыть файл: несуществующий.txt
Деление на ноль запрещено
Деление на ноль запрещено
Возраст должен быть от 0 до 120
Размер массива не может быть отрицательным
Нельзя вычислить квадратный корень отрицательного числа
Элемент не найден в массиве
Деление на ноль в классе Делитель
Недопустимый возраст в классе Возраст
Индекс за пределами массива в МойМассив
Знаменатель не может быть нулем в Дробь
Отрицательное число в классе КвадратныйКорень
Деление на ноль запрещено
Это пользовательское исключение
Деление на ноль запрещено
Деление на ноль в Калькулятор
Деление на ноль запрещено
Возраст должен быть от 0 до 120
Размер массива не может быть отрицательным
Нельзя вычислить квадратный корень отрицательного числа
Элемент не найден в массиве
Деление на ноль в классе Делитель
Недопустимый возраст в классе Возраст
Индекс за пределами массива в МойМассив
Знаменатель не может быть нулем в Дробь
Отрицательное число в классе КвадратныйКорень
Деление на ноль запрещено
Это пользовательское исключение
Деление на ноль запрещено
Деление на ноль в Калькулятор
Деление на ноль запрещено
Возраст должен быть от 0 до 120
Размер массива не может быть отрицательным
Нельзя вычислить квадратный корень отрицательного числа
Элемент не найден в массиве
Деление на ноль в классе Делитель
Недопустимый возраст в классе Возраст
Индекс за пределами массива в МойМассив
Знаменатель не может быть нулем в Дробь
Отрицательное число в классе КвадратныйКорень
Деление на ноль запрещено
Это пользовательское исключение
Деление на ноль запрещено
Деление на ноль в Калькулятор
Деление на ноль запрещено
Возраст должен быть от 0 до 120
Размер массива не может быть отрицательным
Нельзя вычислить квадратный корень отрицательного числа
Элемент не найден в массиве
Деление на ноль в классе Делитель
Недопустимый возраст в классе Возраст
Индекс за пределами массива в МойМассив
Знаменатель не может быть нулем в Дробь
Отрицательное число в классе КвадратныйКорень
Деление на ноль запрещено
Это пользовательское исключение
Деление на ноль запрещено
Деление на ноль в Калькулятор
Деление на ноль запрещено
Возраст должен быть от 0 до 120
Размер массива не может быть отрицательным
Нельзя вычислить квадратный корень отрицательного числа
Элемент не найден в массиве
Деление на ноль в классе Делитель
Недопустимый возраст в классе Возраст
Индекс за пределами массива в МойМассив
Знаменатель не может быть нулем в Дробь
Отрицательное число в классе КвадратныйКорень
Деление на ноль запрещено
Это пользовательское исключение
Деление на ноль запрещено
Деление на ноль в Калькулятор
Деление на ноль запрещено
Возраст должен быть от 0 до 120
Размер массива не может быть отрицательным
Нельзя вычислить квадратный корень отрицательного числа
Элемент не найден в массиве
Деление на ноль в классе Делитель
Недопустимый возраст в классе Возраст
Индекс за пределами массива в МойМассив
Знаменатель не может быть нулем в Дробь
Отрицательное число в классе КвадратныйКорень
Деление на ноль запрещено
Это пользовательское исключение
Деление на ноль запрещено
Деление на ноль в Калькулятор
